OP-01 EN: USD low=1700 mid=1999.88 high=5800 kept=20 excluded=0
OP-02 EN: USD low=870.27 mid=1000 high=2699.99 kept=6 excluded=0
OP-03 EN: USD low=639.95 mid=669 high=899.99 kept=10 excluded=0
OP-04 EN: USD low=500 mid=525 high=600 kept=12 excluded=0
OP-05 EN: USD low=1050 mid=1200 high=1500 kept=11 excluded=0
OP-06 EN: USD low=308.08 mid=499.95 high=500 kept=13 excluded=0
OP-07 EN: USD low=254.39 mid=349.99 high=499.99 kept=13 excluded=0
OP-08 EN: USD low=248.88 mid=269.99 high=300 kept=18 excluded=0
OP-09 EN: USD low=650 mid=720 high=800 kept=10 excluded=0
OP-10 EN: USD low=249.99 mid=269 high=285 kept=18 excluded=0
OP-11 EN: USD low=579.99 mid=650 high=749.87 kept=8 excluded=0
OP-12 EN: USD low=260 mid=280 high=300 kept=20 excluded=0
OP-13 EN: USD low=581.89 mid=605 high=811.4 kept=9 excluded=0
OP-14 EN: USD low=249.88 mid=259.99 high=275 kept=11 excluded=0
OP-15 EN: USD low=250 mid=250 high=270 kept=6 excluded=0
OP-16 EN: USD low=215.5 mid=239.99 high=250 kept=19 excluded=0
EB-01 EN: USD low=922.5 mid=998.99 high=1040 kept=9 excluded=0
EB-02 EN: USD low=null mid=null high=null kept=0 excluded=0
EB-03 EN: USD low=300 mid=329.98 high=344.88 kept=10 excluded=0
PRB-01 EN: USD low=1079.99 mid=1199 high=1299 kept=9 excluded=0
PRB-02 EN: USD low=395 mid=400 high=429 kept=12 excluded=0
English box prices updated.
