OP-01: USD low=325 mid=350 high=384.99 kept=13 excluded=2
OP-02: USD low=130 mid=140.67 high=211.95 kept=9 excluded=12
OP-03: USD low=159.99 mid=170.95 high=178.99 kept=5 excluded=9
OP-04: USD low=119.88 mid=119.89 high=120 kept=6 excluded=22
OP-05: USD low=151.89 mid=155.89 high=238 kept=12 excluded=13
OP-06: USD low=189.99 mid=202.99 high=469.99 kept=8 excluded=1
OP-07: USD low=79.97 mid=79.99 high=104.99 kept=14 excluded=18
OP-08: USD low=75 mid=99.99 high=109.97 kept=8 excluded=17
OP-09: USD low=104.99 mid=104.99 high=124.99 kept=15 excluded=11
OP-10: USD low=95 mid=100 high=114.99 kept=12 excluded=10
OP-11: USD low=149.89 mid=149.99 high=149.99 kept=6 excluded=23
OP-12: USD low=100 mid=103.92 high=103.92 kept=2 excluded=22
OP-13: USD low=124.99 mid=129.99 high=129.99 kept=3 excluded=0
OP-14: USD low=79.88 mid=79.99 high=79.99 kept=19 excluded=8
OP-15: USD low=103.49 mid=108.79 high=134.99 kept=7 excluded=7
OP-16: USD low=138 mid=149.88 high=215 kept=12 excluded=4
EB-01: USD low=150 mid=165 high=175 kept=6 excluded=15
EB-02: USD low=99.69 mid=99.99 high=99.99 kept=6 excluded=14
EB-03: USD low=115.99 mid=122.55 high=158 kept=17 excluded=8
PRB-01: USD low=140 mid=184.99 high=199.99 kept=7 excluded=12
PRB-02: USD low=67.99 mid=67.99 high=70 kept=15 excluded=7
